  lab5.cpp
D:\projects\csis\lab5\lab5\lab5.cpp(12,1): warning C4005: IP_DEST_NET_UNREACHABLE: изменение макроопределения
C:\Program Files (x86)\Windows Kits\10\Include\10.0.22621.0\um\ipexport.h(173,1): message : см. предыдущее определение "IP_DEST_NET_UNREACHABLE"
D:\projects\csis\lab5\lab5\lab5.cpp(13,1): warning C4005: IP_DEST_HOST_UNREACHABLE: изменение макроопределения
C:\Program Files (x86)\Windows Kits\10\Include\10.0.22621.0\um\ipexport.h(174,1): message : см. предыдущее определение "IP_DEST_HOST_UNREACHABLE"
D:\projects\csis\lab5\lab5\lab5.cpp(14,1): warning C4005: IP_DEST_PROT_UNREACHABLE: изменение макроопределения
C:\Program Files (x86)\Windows Kits\10\Include\10.0.22621.0\um\ipexport.h(175,1): message : см. предыдущее определение "IP_DEST_PROT_UNREACHABLE"
D:\projects\csis\lab5\lab5\lab5.cpp(15,1): warning C4005: IP_DEST_PORT_UNREACHABLE: изменение макроопределения
C:\Program Files (x86)\Windows Kits\10\Include\10.0.22621.0\um\ipexport.h(176,1): message : см. предыдущее определение "IP_DEST_PORT_UNREACHABLE"
D:\projects\csis\lab5\lab5\lab5.cpp(16,1): warning C4005: IP_REQ_TIMED_OUT: изменение макроопределения
C:\Program Files (x86)\Windows Kits\10\Include\10.0.22621.0\um\ipexport.h(181,1): message : см. предыдущее определение "IP_REQ_TIMED_OUT"
D:\projects\csis\lab5\lab5\lab5.cpp(17,1): warning C4005: IP_BAD_REQ: изменение макроопределения
C:\Program Files (x86)\Windows Kits\10\Include\10.0.22621.0\um\ipexport.h(182,1): message : см. предыдущее определение "IP_BAD_REQ"
D:\projects\csis\lab5\lab5\lab5.cpp(18,1): warning C4005: IP_BAD_ROUTE: изменение макроопределения
C:\Program Files (x86)\Windows Kits\10\Include\10.0.22621.0\um\ipexport.h(183,1): message : см. предыдущее определение "IP_BAD_ROUTE"
D:\projects\csis\lab5\lab5\lab5.cpp(19,1): warning C4005: IP_TTL_EXPIRED_TRANSIT: изменение макроопределения
C:\Program Files (x86)\Windows Kits\10\Include\10.0.22621.0\um\ipexport.h(184,1): message : см. предыдущее определение "IP_TTL_EXPIRED_TRANSIT"
  Создание кода
  1 of 42 functions ( 2.4%) were compiled, the rest were copied from previous compilation.
    0 functions were new in current compilation
    0 functions had inline decision re-evaluated but remain unchanged
  Создание кода завершено
  lab5.vcxproj -> D:\projects\csis\lab5\Release\lab5.exe
