Microsoft (R) Macro Assembler (x64) Version 14.37.32824.0   11/01/23 19:44:29
asm1.asm						     Page 1 - 1


				.586P                          ; система подкоманд(процессор Pentium)
asm1.asm(1) : error A2008:syntax error : .
				.MODEL FLAT, STDCALL                  ; модель памяти, соглашение о вызове
asm1.asm(2) : error A2008:syntax error : .
				includelib kernel32.lib                  ; компановщику: компоновать с kernel32

				ExitProcess PROTO :DWORD                ; прототип функции для завершения процесса Windows
				MessageBoxA PROTO :DWORD, :DWORD, :DWORD, :DWORD    ; прототип API-функции MessageBoxA

				.STACK 4096                        ; выделение стека
asm1.asm(8) : error A2008:syntax error : .

 00000000			.CONST                          ; сегмент констант

 00000000			.DATA                          ; сегмент данных
 = 00000000			MB_OK EQU 0                        ; EQU определяет константу  
 00000000 CC EE FF 20 EF	STR1 DB "Моя первая программа", 0            ; строка, первый элемент данные + нулевой бит
	   E5 F0 E2 E0 FF
	   20 EF F0 EE E3
	   F0 E0 EC EC E0
	   00
 00000015 CF F0 E8 E2 E5	STR2 DB "Привет всем!", 0                ; строка, первый элемент данные + нулевой бит
	   F2 20 E2 F1 E5
	   EC 21 00
 00000022 00000000		HW DD ?                          ; двойное слово длинной 4 байта, неинициализировано

 00000000			.CODE                          ; сегмент кода

 00000000			main PROC                        ; точка входа main
 00000000			START :                          ; метка
				INVOKE MessageBoxA, HW, OFFSET STR2, OFFSET STR1, MB_OK    ; вызов функции
asm1.asm(22) : error A2008:syntax error : MessageBoxA
				    
 00000000  6A FF		  push -1                        ; код вовзрата процесса Windows  (параметр ExitProcess)
 00000002  E8 00000000 E	  call ExitProcess                  ; конец процедуры
 00000007			main ENDP

				end main                        ; конец модуля main
Microsoft (R) Macro Assembler (x64) Version 14.37.32824.0   11/01/23 19:44:29
asm1.asm						     Symbols 2 - 1




Segments:

                N a m e                  Length   Align   Class

CONST  . . . . . . . . . . . . .	 00000000 16	  'CONST'	 ReadOnly


Procedures, parameters, and locals:

                N a m e                 Type     Value    Attr

ExitProcess  . . . . . . . . . .	P 	 00000000 Length= 00000000 External
MessageBoxA  . . . . . . . . . .	P 	 00000000 Length= 00000000 External
main . . . . . . . . . . . . . .	P 	 00000000 _TEXT	Length= 00000007 Public
  START  . . . . . . . . . . . .	L 	 00000000 _TEXT	


Symbols:

                N a m e                 Type     Value    Attr

HW . . . . . . . . . . . . . . .	DWord	 00000022 _DATA	
MB_OK  . . . . . . . . . . . . .	Number	 00000000h   
STR1 . . . . . . . . . . . . . .	Byte	 00000000 _DATA	
STR2 . . . . . . . . . . . . . .	Byte	 00000015 _DATA	

	   0 Warnings
	   6 Errors
